Removed Pin From Net: NetName=GND Pin=C1-1
Removed Pin From Net: NetName=5V Pin=C1-2
Removed Pin From Net: NetName=GND Pin=C2-2
Removed Pin From Net: NetName=GND Pin=C3-1
Removed Pin From Net: NetName=GND Pin=C4-2
Removed Pin From Net: NetName=GND Pin=C5-1
Removed Pin From Net: NetName=GND Pin=C6-1
Removed Pin From Net: NetName=GND Pin=C7-1
Removed Pin From Net: NetName=5V Pin=C7-2
Removed Pin From Net: NetName=GND Pin=C8-1
Removed Pin From Net: NetName=3V3_Radio Pin=C8-2
Removed Pin From Net: NetName=GND Pin=C9-1
Removed Pin From Net: NetName=5V Pin=C9-2
Removed Pin From Net: NetName=GND Pin=C10-1
Removed Pin From Net: NetName=GND Pin=C11-2
Removed Pin From Net: NetName=GND Pin=C12-1
Removed Pin From Net: NetName=GND Pin=C13-2
Removed Pin From Net: NetName=GND Pin=C14-1
Removed Pin From Net: NetName=GND Pin=C15-2
Removed Pin From Net: NetName=GND Pin=C16-2
Removed Pin From Net: NetName=GND Pin=C17-1
Removed Pin From Net: NetName=GND Pin=C18-1
Removed Pin From Net: NetName=GND Pin=C19-1
Removed Pin From Net: NetName=GND Pin=DL2-1
Removed Pin From Net: NetName=5V Pin=H1-1
Removed Pin From Net: NetName=GND Pin=H1-3
Removed Pin From Net: NetName=GND Pin=H2-5
Removed Pin From Net: NetName=GND Pin=H2-6
Removed Pin From Net: NetName=GND Pin=H2-6
Removed Pin From Net: NetName=GND Pin=H2-6
Removed Pin From Net: NetName=GND Pin=H2-6
Removed Pin From Net: NetName=GND Pin=H2-6
Removed Pin From Net: NetName=GND Pin=H2-6
Removed Pin From Net: NetName=GND Pin=H3-4
Removed Pin From Net: NetName=GND Pin=H4-2
Removed Pin From Net: NetName=GND Pin=H5-1
Removed Pin From Net: NetName=V_BATT Pin=H5-2
Removed Pin From Net: NetName=GND Pin=H5-3
Removed Pin From Net: NetName=GND Pin=H6-5
Removed Pin From Net: NetName=GND Pin=H6-6
Removed Pin From Net: NetName=GND Pin=R2-1
Removed Pin From Net: NetName=GND Pin=R3-1
Removed Pin From Net: NetName=V_BATT Pin=R6-2
Removed Pin From Net: NetName=GND Pin=R7-1
Removed Pin From Net: NetName=GND Pin=R8-1
Removed Pin From Net: NetName=GND Pin=R9-1
Removed Pin From Net: NetName=GND Pin=R13-1
Removed Pin From Net: NetName=GND Pin=S1-2
Removed Pin From Net: NetName=GND Pin=S2-2
Removed Pin From Net: NetName=GND Pin=S3-2
Removed Pin From Net: NetName=5V Pin=TP3-1
Removed Pin From Net: NetName=GND Pin=U1-2
Removed Pin From Net: NetName=PWMH3 Pin=U1-9
Removed Pin From Net: NetName=PWMH0 Pin=U1-15
Removed Pin From Net: NetName=GND Pin=U1-17
Removed Pin From Net: NetName=SPCK Pin=U1-21
Removed Pin From Net: NetName=MOSI Pin=U1-22
Removed Pin From Net: NetName=PWMH1 Pin=U1-23
Removed Pin From Net: NetName=PWMH2 Pin=U1-25
Removed Pin From Net: NetName=RAD_IRQ Pin=U1-26
Removed Pin From Net: NetName=MISO Pin=U1-27
Removed Pin From Net: NetName=RADIO_SEL Pin=U1-42
Removed Pin From Net: NetName=GND Pin=U1-46
Removed Pin From Net: NetName=RADIO_EN Pin=U1-52
Removed Pin From Net: NetName=GND Pin=U1-60
Removed Pin From Net: NetName=5V Pin=U2-1
Removed Pin From Net: NetName=GND Pin=U2-2
Removed Pin From Net: NetName=5V Pin=U3-1
Removed Pin From Net: NetName=GND Pin=U3-2
Removed Pin From Net: NetName=5V Pin=U3-3
Removed Pin From Net: NetName=5V Pin=U4-1
Removed Pin From Net: NetName=GND Pin=U4-2
Removed Pin From Net: NetName=5V Pin=U4-3
Removed Pin From Net: NetName=3V3_Radio Pin=U4-5
Change Component Designator: OldDesignator=H7 NewDesignator=H8
Added Room: Name=Buck_Reg
Added Room: Name=H-Bridge
Added Room: Name=RadioModule
