Removed Pin From Net: NetName=5V Pin=C3-1
Removed Pin From Net: NetName=GND Pin=C3-2
Removed Pin From Net: NetName=NetC24_2 Pin=D1-2
Removed Pin From Net: NetName=5V Pin=D3-2
Removed Pin From Net: NetName=5V Pin=H1-1
Removed Pin From Net: NetName=5V Pin=Q2-1
Removed Pin From Net: NetName=VBATT Pin=Q2-2
Removed Pin From Net: NetName=5V Pin=R1-2
Removed Pin From Net: NetName=VDDIO Pin=R11-1
Removed Pin From Net: NetName=IMU_SEL Pin=R11-2
Removed Pin From Net: NetName=VDDIO Pin=R12-1
Removed Pin From Net: NetName=SWCLK Pin=R12-2
Removed Pin From Net: NetName=VDDIO Pin=R13-1
Removed Pin From Net: NetName=SWDIO Pin=R13-2
Removed Pin From Net: NetName=GND Pin=R14-1
Removed Pin From Net: NetName=GND Pin=R15-1
Removed Pin From Net: NetName=GND Pin=R16-1
Removed Pin From Net: NetName=5V Pin=TP5-1
Removed Pin From Net: NetName=PA27 Pin=U1-37
Removed Pin From Net: NetName=LED_STRIP_EN Pin=U6-3
Removed Pin From Net: NetName=LED_OUT Pin=U6-4
Removed Pin From Net: NetName=3V3_RAD Pin=U7-1
Removed Member From Class: ClassName=MCU Member=C3
Removed Member From Class: ClassName=Power Member=D3
Removed Member From Class: ClassName=Power Member=Q2
Removed Member From Class: ClassName=MCU Member=R15
Removed Member From Class: ClassName=MCU Member=R16
Change Component Footprint: Designator=C3 Old Footprint=CAPC2012L New Footprint=CAPC1608L
Change Component Footprint: Designator=D1 Old Footprint=SMC New Footprint=DO-214AA_SCL
Change Component Comment : Designator=C3 Old Comment=4.7uF New Comment=10uF
Change Component Comment : Designator=R11 Old Comment=10K New Comment=2K2
Change Component Comment : Designator=R12 Old Comment=10K New Comment=2K2
Change Component Comment : Designator=R13 Old Comment=10K New Comment=2K2
Change Component Comment : Designator=R14 Old Comment=10K New Comment=2K2
Change Component Comment : Designator=D1 Old Comment=SCHOTTKY 30V 4A New Comment=DIODE ZENER 5.6V
Change component parameters: Designator = "R11"; Footprint = "RESC1608L"; UniqueID = "\OXPBBVVH"
Change component parameters. Clean all parameters for all variants
Change component parameters (AddParameter): Name = "Storage Location"; Value = "PCB Assembly WS"; VariantName = "[No Variations]"
Change component parameters (AddParameter): Name = "Supplier"; Value = "ECE Dept"; VariantName = "[No Variations]"
Change component parameters (AddParameter): Name = "Value"; Value = "2K2"; VariantName = "[No Variations]"
Change component parameters: Designator = "R12"; Footprint = "RESC1608L"; UniqueID = "\AKGFRYBU"
Change component parameters. Clean all parameters for all variants
Change component parameters (AddParameter): Name = "Storage Location"; Value = "PCB Assembly WS"; VariantName = "[No Variations]"
Change component parameters (AddParameter): Name = "Supplier"; Value = "ECE Dept"; VariantName = "[No Variations]"
Change component parameters (AddParameter): Name = "Value"; Value = "2K2"; VariantName = "[No Variations]"
Change component parameters: Designator = "R13"; Footprint = "RESC1608L"; UniqueID = "\PDGAGIGZ"
Change component parameters. Clean all parameters for all variants
Change component parameters (AddParameter): Name = "Storage Location"; Value = "PCB Assembly WS"; VariantName = "[No Variations]"
Change component parameters (AddParameter): Name = "Supplier"; Value = "ECE Dept"; VariantName = "[No Variations]"
Change component parameters (AddParameter): Name = "Value"; Value = "2K2"; VariantName = "[No Variations]"
Change component parameters: Designator = "R14"; Footprint = "RESC1608L"; UniqueID = "\AUCGKZXP"
Change component parameters. Clean all parameters for all variants
Change component parameters (AddParameter): Name = "Storage Location"; Value = "PCB Assembly WS"; VariantName = "[No Variations]"
Change component parameters (AddParameter): Name = "Supplier"; Value = "ECE Dept"; VariantName = "[No Variations]"
Change component parameters (AddParameter): Name = "Value"; Value = "2K2"; VariantName = "[No Variations]"
Change component parameters: Designator = "D1"; Footprint = "DO-214AA_SCL"; UniqueID = "\RBCIZYIK"
Change component parameters. Clean all parameters for all variants
Change component parameters (AddParameter): Name = "Base Part Number"; Value = "SMBJ5339"; VariantName = "[No Variations]"
Change component parameters (AddParameter): Name = "Category"; Value = "Discrete Semiconductor Products"; VariantName = "[No Variations]"
Change component parameters (AddParameter): Name = "ComponentLink1Description"; Value = "http://www.mccsemi.com/up_pdf/SMBJ5338B-SMBJ5388B(SMB).pdf"; VariantName = "[No Variations]"
Change component parameters (AddParameter): Name = "ComponentLink1URL"; Value = "http://www.mccsemi.com/up_pdf/SMBJ5338B-SMBJ5388B(SMB).pdf"; VariantName = "[No Variations]"
Change component parameters (AddParameter): Name = "Manufacturer"; Value = "Micro Commercial Co"; VariantName = "[No Variations]"
Change component parameters (AddParameter): Name = "Manufacturer Part Number"; Value = "SMBJ5339B-TP"; VariantName = "[No Variations]"
Change component parameters (AddParameter): Name = "Mounting Type"; Value = "Surface Mount"; VariantName = "[No Variations]"
Change component parameters (AddParameter): Name = "Operating Temperature"; Value = "-55°C ~ 150°C"; VariantName = "[No Variations]"
Change component parameters (AddParameter): Name = "Package / Case"; Value = "DO-214AA, SMB"; VariantName = "[No Variations]"
Change component parameters (AddParameter): Name = "Packaging"; Value = "Cut Tape (CT)"; VariantName = "[No Variations]"
Change component parameters (AddParameter): Name = "Part Status"; Value = "Active"; VariantName = "[No Variations]"
Change component parameters (AddParameter): Name = "Pricing 1"; Value = "1=1.47, 10=1.277, 25=1.1312, 100=0.9853, 250=0.85764, 500=0.72988, 1000=0.58391 (NZD)"; VariantName = "[No Variations]"
Change component parameters (AddParameter): Name = "RoHS"; Value = "RoHS Compliant"; VariantName = "[No Variations]"
Change component parameters (AddParameter): Name = "Stock 1"; Value = "85990"; VariantName = "[No Variations]"
Change component parameters (AddParameter): Name = "Supplier 1"; Value = "Digi-Key"; VariantName = "[No Variations]"
Change component parameters (AddParameter): Name = "Supplier Device Package"; Value = "DO-214AA (SMB)"; VariantName = "[No Variations]"
Change component parameters (AddParameter): Name = "Supplier Part Number 1"; Value = "SMBJ5339B-TPMSCT-ND"; VariantName = "[No Variations]"
Change component parameters (AddParameter): Name = "Tolerance"; Value = "±5%"; VariantName = "[No Variations]"
Change component parameters: Designator = "C3"; Footprint = "CAPC1608L"; UniqueID = "\NKINEZEP"
Change component parameters. Clean all parameters for all variants
Change component parameters (AddParameter): Name = "Manufacturer"; Value = ""; VariantName = "[No Variations]"
Change component parameters (AddParameter): Name = "Manufacturer Part Number"; Value = ""; VariantName = "[No Variations]"
Change component parameters (AddParameter): Name = "Package / Case"; Value = ""; VariantName = "[No Variations]"
Change component parameters (AddParameter): Name = "Packaging"; Value = ""; VariantName = "[No Variations]"
Change component parameters (AddParameter): Name = "Pricing"; Value = ""; VariantName = "[No Variations]"
Change component parameters (AddParameter): Name = "Size / Dimension"; Value = ""; VariantName = "[No Variations]"
Change component parameters (AddParameter): Name = "Storage Location"; Value = "PCB Assembly WS"; VariantName = "[No Variations]"
Change component parameters (AddParameter): Name = "Supplier"; Value = "ECE Dept"; VariantName = "[No Variations]"
Change component parameters (AddParameter): Name = "Supplier 1"; Value = ""; VariantName = "[No Variations]"
Change component parameters (AddParameter): Name = "Supplier 2"; Value = ""; VariantName = "[No Variations]"
Change component parameters (AddParameter): Name = "Supplier Part Number 1"; Value = ""; VariantName = "[No Variations]"
Change component parameters (AddParameter): Name = "Supplier Part Number 2"; Value = ""; VariantName = "[No Variations]"
Change component parameters (AddParameter): Name = "Temperature Coefficient"; Value = ""; VariantName = "[No Variations]"
Change component parameters (AddParameter): Name = "Tolerance"; Value = ""; VariantName = "[No Variations]"
Change component parameters (AddParameter): Name = "Value"; Value = "10uF"; VariantName = "[No Variations]"
Change component parameters (AddParameter): Name = "Voltage - Rated"; Value = "6.3V"; VariantName = "[No Variations]"
Added Component: Designator=L3(INDC3216L)
Add component. Clean all parameters for all variants
Add component (AddParameter): Name = "DC Current Rating"; Value = "1"; VariantName = "[No Variations]"
Add component (AddParameter): Name = "DC Resistance Max"; Value = "0.08"; VariantName = "[No Variations]"
Add component (AddParameter): Name = "Ferrite Case Style"; Value = "1206 ^3216 Metric]"; VariantName = "[No Variations]"
Add component (AddParameter): Name = "Ferrite Mounting"; Value = "SMD"; VariantName = "[No Variations]"
Add component (AddParameter): Name = "Frequency Range"; Value = "50MHz to 1"; VariantName = "[No Variations]"
Add component (AddParameter): Name = "Impedance"; Value = "600"; VariantName = "[No Variations]"
Add component (AddParameter): Name = "Impedance Tolerance"; Value = "± 25%"; VariantName = "[No Variations]"
Add component (AddParameter): Name = "Manufacturer"; Value = "FAIR-RITE"; VariantName = "[No Variations]"
Add component (AddParameter): Name = "Manufacturer Part Number"; Value = "2512066017Y1"; VariantName = "[No Variations]"
Add component (AddParameter): Name = "Manufacturer PN"; Value = "2512066017Y1"; VariantName = "[No Variations]"
Add component (AddParameter): Name = "Storage Location"; Value = "PCB Assembly WS"; VariantName = "[No Variations]"
Add component (AddParameter): Name = "Supplier"; Value = "ECE Dept"; VariantName = "[No Variations]"
Add component (AddParameter): Name = "Supplier 1"; Value = "Farnell"; VariantName = "[No Variations]"
Add component (AddParameter): Name = "Supplier Part Number 1"; Value = "1612060"; VariantName = "[No Variations]"
Add component (AddParameter): Name = "Value"; Value = "1A max, Idc 0.3R,"; VariantName = "[No Variations]"
Added Pin To Net: NetName=GND Pin=C3-1
Added Pin To Net: NetName=5V Pin=C25-2
Added Pin To Net: NetName=5V Pin=C26-2
Added Pin To Net: NetName=NetC24_2 Pin=D1-1
Added Pin To Net: NetName=VBATT Pin=H6-2
Added Pin To Net: NetName=GND Pin=J1-2
Added Pin To Net: NetName=GND Pin=J2-2
Added Pin To Net: NetName=5V Pin=L2-2
Added Pin To Net: NetName=3V3_RAD Pin=L3-2
Added Pin To Net: NetName=IMU_SEL Pin=R11-1
Added Pin To Net: NetName=VDDIO Pin=R11-2
Added Pin To Net: NetName=SWCLK Pin=R12-1
Added Pin To Net: NetName=VDDIO Pin=R12-2
Added Pin To Net: NetName=SWDIO Pin=R13-1
Added Pin To Net: NetName=VDDIO Pin=R13-2
Added Pin To Net: NetName=GND Pin=R14-2
Added Pin To Net: NetName=NetH7_2 Pin=R16-1
Added Pin To Net: NetName=5V Pin=R16-2
Added Pin To Net: NetName=5V Pin=U5-5
Added Pin To Net: NetName=LED_OUT Pin=U6-3
Added Pin To Net: NetName=LED_STRIP_EN Pin=U6-4
Added Pin To Net: NetName=NetC3_2 Pin=C3-2
Added Pin To Net: NetName=NetC3_2 Pin=R15-1
Added Pin To Net: NetName=NetC3_2 Pin=U7-1
Added Net: Name=NetC3_2
Added Pin To Net: NetName=NetD1_2 Pin=D1-2
Added Pin To Net: NetName=NetD1_2 Pin=Q1-1
Added Pin To Net: NetName=NetD1_2 Pin=R18-2
Added Net: Name=NetD1_2
Added Pin To Net: NetName=NetL3_1 Pin=L3-1
Added Pin To Net: NetName=NetL3_1 Pin=R15-2
Added Net: Name=NetL3_1
Added Pin To Net: NetName=NetR14_1 Pin=R14-1
Added Pin To Net: NetName=NetR14_1 Pin=U4-9
Added Net: Name=NetR14_1
Added Pin To Net: NetName=RADIO_INT Pin=U1-37
Added Pin To Net: NetName=RADIO_INT Pin=U7-8
Added Net: Name=RADIO_INT
Added Pin To Net: NetName=VBUS Pin=H1-1
Added Pin To Net: NetName=VBUS Pin=R1-2
Added Pin To Net: NetName=VBUS Pin=TP5-1
Added Net: Name=VBUS
Added Member To Class: ClassName=Radio Member=Component C3 10uF
Added Member To Class: ClassName=Radio Member=Component L3 1A max, Idc 0.3R,
Added Member To Class: ClassName=Radio Member=Component R15 10K
Added Member To Class: ClassName=Radio Member=Component R16 10K
Added Room: Name=IMU
Added Room: Name=MCU
Added Room: Name=Power
Added Room: Name=Radio
